set ucliGUI::state
set ucliGUI::state
ucliCore::getToolPID
synopsys::env hasTB
trigger_hier_stack_context_switch 0
synopsys::xml set_array_limit <data limit="50" />
synopsys::xml set_depth_limit <data limit="100" />
synopsys::xml set_string_limit <data limit="1000" />
synopsys::xml set_only_active_frame <data value="1" />
synopsys::xml set_variable_frame_id <data value="1" />
synUtils::setDVEInitPhase 1
synopsys::dump -type VPD -file /home/host/Desktop/RAM-To-GPIO/ram-to-gpio/AHB-GPIO/uvm/sim/inter.vpd -locking
synopsys::dump -autoflush on -fid VPD0
set ::dve_fid VPD0
synUtils::setDVEInitPhase 0
ucliCore::getToolPID
synUtils::sendTool -active _icl_setToolSocket /tmp/smlnpLE0Y5x
synUtils::sendTool -active {_icl_start_rpc -version "O-2018.09-SP2_Full64" -sync_file /tmp/vcs_dve_rpc.host.57366}
synUtils::sendTool -active {_icl_createSharedMemory /tmp/vcs_dve_general.host.57366}
config endofsim noexit
config onfail enable all
config syscaddplainmembers
config syscaddsourcenames
config syscaddstructtypes
synopsys::listing -disable
if {[info command guiIsActive]==""} {   run } else {    echo "GUI mode"   dump -add / -depth 0   do ./rkv_gpio_debug_wave.do }
synopsys::dump -add {rkv_gpio_tb.ahb_if rkv_gpio_tb.gpio_if } -aggregates  -fid VPD0
synopsys::dump -add {rkv_gpio_tb.dut} -scope "." -depth 1 -fid VPD0
set _wave_session_group_1 Group3
if {[gui_sg_is_group -name "$_wave_session_group_1"]} {     set _wave_session_group_1 [gui_sg_generate_new_name] }
set Group1 "$_wave_session_group_1"
set _wave_session_group_2 $_wave_session_group_1|
append _wave_session_group_2 PORT
set Group3|PORT "$_wave_session_group_2"
set _wave_session_group_3 $_wave_session_group_1|
append _wave_session_group_3 INTQ
set Group3|INTQ "$_wave_session_group_3"
set _wave_session_group_4 $_wave_session_group_1|
append _wave_session_group_4 AHB
set Group3|AHB "$_wave_session_group_4"
set _wave_session_group_5 AHB-IF
if {[gui_sg_is_group -name "$_wave_session_group_5"]} {     set _wave_session_group_5 [gui_sg_generate_new_name] }
set Group2 "$_wave_session_group_5"
set _wave_session_group_6 GPIO-IF
if {[gui_sg_is_group -name "$_wave_session_group_6"]} {     set _wave_session_group_6 [gui_sg_generate_new_name] }
set Group3 "$_wave_session_group_6"
if {![info exists useOldWindow]} {  	set useOldWindow true }
if {$useOldWindow && [string first "Wave" [gui_get_current_window -view]]==0} {  	set Wave.1 [gui_get_current_window -view]  } else { 	set Wave.1 [lindex [gui_get_window_ids -type Wave] 0] if {[string first "Wave" ${Wave.1}]!=0} { gui_open_window Wave set Wave.1 [ gui_get_current_window -view ] } }
set groupExD [gui_get_pref_value -category Wave -key exclusiveSG]
set origWaveHeight [gui_get_pref_value -category Wave -key waveRowHeight]
set origGroupCreationState [gui_list_create_group_when_add -wave]
if {$origGroupCreationState} { 	gui_list_create_group_when_add -wave -enable }
if { $groupExD } {  gui_msg_report -code DVWW028 }
run
set ucliGUI::state
set ucliGUI::state
set ucliGUI::state
set ucliGUI::state
synopsys::xml get_stop_data
synopsys::xml {frames <data updateType="preserve" itemId="none" viewId="Stack.1" />}
if [catch {gui_sim_terminate}] {gui_sim_terminate -kill}
synopsys::finish
set ucliGUI::state
set ucliGUI::state
ucli_exit
