22:54:47    16 -->                                                             [tcl] ucliGUI::connect -toolargs -ucligui -toolexe out/obj/rkv_gpio_tb.simv -a run.log +ntb_random_seed=1 +UVM_TESTNAME=rkv_gpio_interrupt_test +UVM_VERBOSITY=UVM_HIGH -cm_dir out/cov.vdb -cm_name rkv_gpio_interrupt_test_1 -do rkv_gpio_sim_run.do -pid 57366 -toolin /tmp/vcs_20260122145446_57365_host..stdin -toolout /tmp/vcs_20260122145446_57365_host..stdout  
22:54:47    17 -->                                                                 [tcl] set ucliGUI::state
22:54:47    18 -->                                                                     [tcl] set dveMisc::dve_log_file 1
22:54:47    19 -->                                                                         [tcl] gui_update_simulator_buttons
22:54:47    20 -->                                                                             [tcl] set ucliGUI::state
22:54:47    21 -->                                                                                 [tcl] ucliCore::getToolPID
22:54:47    22 -->                                                                                     [tcl] synopsys::env hasTB
22:54:47    23 -->                                                                                         [tcl] trigger_hier_stack_context_switch 0
22:54:47    24 -->                                                                                             [tcl] synopsys::xml set_array_limit <data limit="50" />
22:54:47    25 --> ...  [tcl] synopsys::xml set_depth_limit <data limit="100" />
22:54:47    26 --> ...      [tcl] synopsys::xml set_string_limit <data limit="1000" />
22:54:47    27 --> ...          [tcl] synopsys::xml set_only_active_frame <data value="1" />
22:54:47    28 --> ...              [tcl] synopsys::xml set_variable_frame_id <data value="1" />
22:54:47    29 --> ...                  [tcl] synUtils::setDVEInitPhase 1
22:54:47    30 --> ...                      [tcl] gui_get_env SIMSETUP::SIMVPD
22:54:47    31 --> ...                          [tcl] synopsys::dump -type VPD -file /home/host/Desktop/RAM-To-GPIO/ram-to-gpio/AHB-GPIO/uvm/sim/inter.vpd -locking
22:54:47    32 --> ...                              [tcl] synopsys::dump -autoflush on -fid VPD0
22:54:47    33 --> ...                                  [tcl] set ::dve_fid VPD0
22:54:47    34 --> ...                                      [tcl] synUtils::setDVEInitPhase 0
22:54:47    35 --> ...                                          [tcl] ucliCore::getToolPID
22:54:47    36 --> ...                                              [tcl] synUtils::sendTool -active _icl_setToolSocket /tmp/smlnpLE0Y5x
22:54:47    37 --> ...                                                  [tcl] synUtils::sendTool -active {_icl_start_rpc -version "O-2018.09-SP2_Full64" -sync_file /tmp/vcs_dve_rpc.host.57366}
22:54:48    38 --> ...                                                      [tcl] synUtils::sendTool -active {_icl_createSharedMemory /tmp/vcs_dve_general.host.57366}
22:54:48    39 --> ...                                                          [tcl] dveMisc::vbusExpand uvm_pkg
22:54:48    40 --> ...                                                              [tcl] dveMisc::vbusExpand uvm_custom_install_recording
22:54:48    41 --> ...                                                                  [tcl] dveMisc::vbusExpand _vcs_unit__3820934895
22:54:48    42 --> ...                                                                      [tcl] config endofsim noexit
22:54:48    43 --> ...                                                                          [tcl] config onfail enable all
22:54:48    44 --> ...                                                                              [tcl] config syscaddplainmembers
22:54:48    45 --> ...                                                                                  [tcl] config syscaddsourcenames
22:54:48    46 --> ...                                                                                      [tcl] config syscaddstructtypes
22:54:48    47 --> ...                                                                                          [tcl] synopsys::listing -disable
22:54:48    48 --> ...                                                                                              [tcl] if {[info command guiIsActive]==""} {   run } else {    echo "GUI mode"   dump -add / -depth 0   do ./rkv_gpio_debug_wave.do }
22:54:48    49 --> ...                                                                                                  [tcl] gui_set_time_units 1ps
22:54:48    50 --> ...  [tcl] gui_load_child_values {rkv_gpio_tb.ahb_if}
22:54:48    51 --> ...      [tcl] synopsys::dump -add {rkv_gpio_tb.ahb_if rkv_gpio_tb.gpio_if } -aggregates  -fid VPD0
22:54:48    52 --> ...          [tcl] dveMisc::vbusExpand rkv_gpio_tb
22:54:48    53 --> ...              [tcl] gui_load_child_values {rkv_gpio_tb.dut}
22:54:48    54 --> ...                  [tcl] synopsys::dump -add {rkv_gpio_tb.dut} -scope "." -depth 1 -fid VPD0
22:54:48    55 --> ...                      [tcl] gui_load_child_values {rkv_gpio_tb.gpio_if}
22:54:48    56 --> ...                          [tcl] gui_set_time_units 1ps
22:54:48    57 --> ...                              [tcl] set _wave_session_group_1 Group3
22:54:48    58 --> ...                                  [tcl] if {[gui_sg_is_group -name "$_wave_session_group_1"]} {     set _wave_session_group_1 [gui_sg_generate_new_name] }
22:54:48    59 --> ...                                      [tcl] set Group1 "$_wave_session_group_1"
22:54:48    60 --> ...                                          [tcl] gui_sg_addsignal -group "$_wave_session_group_1" { {Sim:rkv_gpio_tb.dut.ECOREVNUM} }
22:54:48    61 --> ...                                              [tcl] set _wave_session_group_2 $_wave_session_group_1|
22:54:48    62 --> ...                                                  [tcl] append _wave_session_group_2 PORT
22:54:48    63 --> ...                                                      [tcl] set Group3|PORT "$_wave_session_group_2"
22:54:48    64 --> ...                                                          [tcl] gui_sg_addsignal -group "$_wave_session_group_2" { {Sim:rkv_gpio_tb.dut.PORTIN} {Sim:rkv_gpio_tb.dut.PORTOUT} {Sim:rkv_gpio_tb.dut.PORTEN} {Sim:rkv_gpio_tb.dut.PORTFUNC} }
22:54:48    65 --> ...                                                              [tcl] set _wave_session_group_3 $_wave_session_group_1|
22:54:48    66 --> ...                                                                  [tcl] append _wave_session_group_3 INTQ
22:54:48    67 --> ...                                                                      [tcl] set Group3|INTQ "$_wave_session_group_3"
22:54:48    68 --> ...                                                                          [tcl] gui_sg_addsignal -group "$_wave_session_group_3" { {Sim:rkv_gpio_tb.dut.GPIOINT} {Sim:rkv_gpio_tb.dut.COMBINT} }
22:54:48    69 --> ...                                                                              [tcl] gui_sg_move "$_wave_session_group_3" -after "$_wave_session_group_1" -pos 1
22:54:48    70 --> ...                                                                                  [tcl] set _wave_session_group_4 $_wave_session_group_1|
22:54:48    71 --> ...                                                                                      [tcl] append _wave_session_group_4 AHB
22:54:48    72 --> ...                                                                                          [tcl] set Group3|AHB "$_wave_session_group_4"
22:54:48    73 --> ...                                                                                              [tcl] gui_sg_addsignal -group "$_wave_session_group_4" { {Sim:rkv_gpio_tb.dut.HCLK} {Sim:rkv_gpio_tb.dut.HRESETn} {Sim:rkv_gpio_tb.dut.FCLK} {Sim:rkv_gpio_tb.dut.HSEL} {Sim:rkv_gpio_tb.dut.HREADY} {Sim:rkv_gpio_tb.dut.HTRANS} {Sim:rkv_gpio_tb.dut.HSIZE} {Sim:rkv_gpio_tb.dut.HWRITE} {Sim:rkv_gpio_tb.dut.HADDR} {Sim:rkv_gpio_tb.dut.HWDATA} {Sim:rkv_gpio_tb.dut.HREADYOUT} {Sim:rkv_gpio_tb.dut.HRESP} {Sim:rkv_gpio_tb.dut.HRDATA} }
22:54:48    74 --> ...                                                                                                  [tcl] gui_sg_move "$_wave_session_group_4" -after "$_wave_session_group_1" -pos 2
22:54:48    75 --> ...  [tcl] set _wave_session_group_5 AHB-IF
22:54:48    76 --> ...      [tcl] if {[gui_sg_is_group -name "$_wave_session_group_5"]} {     set _wave_session_group_5 [gui_sg_generate_new_name] }
22:54:48    77 --> ...          [tcl] set Group2 "$_wave_session_group_5"
22:54:48    78 --> ...              [tcl] gui_sg_addsignal -group "$_wave_session_group_5" { {Sim:rkv_gpio_tb.ahb_if.hclk} {Sim:rkv_gpio_tb.ahb_if.hresetn} {Sim:rkv_gpio_tb.ahb_if.hgrant} {Sim:rkv_gpio_tb.ahb_if.hrdata} {Sim:rkv_gpio_tb.ahb_if.hready} {Sim:rkv_gpio_tb.ahb_if.hresp} {Sim:rkv_gpio_tb.ahb_if.haddr} {Sim:rkv_gpio_tb.ahb_if.hsize} {Sim:rkv_gpio_tb.ahb_if.htrans} {Sim:rkv_gpio_tb.ahb_if.hwdata} {Sim:rkv_gpio_tb.ahb_if.hwrite} {Sim:rkv_gpio_tb.ahb_if.hburst} {Sim:rkv_gpio_tb.ahb_if.hbusreq} {Sim:rkv_gpio_tb.ahb_if.hlock} {Sim:rkv_gpio_tb.ahb_if.hprot} {Sim:rkv_gpio_tb.ahb_if.debug_hresp} {Sim:rkv_gpio_tb.ahb_if.debug_htrans} {Sim:rkv_gpio_tb.ahb_if.debug_hsize} {Sim:rkv_gpio_tb.ahb_if.debug_hburst} {Sim:rkv_gpio_tb.ahb_if.debug_xact} {Sim:rkv_gpio_tb.ahb_if.debug_status} }
22:54:48    79 --> ...                  [tcl] set _wave_session_group_6 GPIO-IF
22:54:48    80 --> ...                      [tcl] if {[gui_sg_is_group -name "$_wave_session_group_6"]} {     set _wave_session_group_6 [gui_sg_generate_new_name] }
22:54:48    81 --> ...                          [tcl] set Group3 "$_wave_session_group_6"
22:54:48    82 --> ...                              [tcl] gui_sg_addsignal -group "$_wave_session_group_6" { {Sim:rkv_gpio_tb.gpio_if.clk} {Sim:rkv_gpio_tb.gpio_if.fclk} {Sim:rkv_gpio_tb.gpio_if.rstn} {Sim:rkv_gpio_tb.gpio_if.portin} {Sim:rkv_gpio_tb.gpio_if.portout} {Sim:rkv_gpio_tb.gpio_if.porten} {Sim:rkv_gpio_tb.gpio_if.portfunc} {Sim:rkv_gpio_tb.gpio_if.gpioint} {Sim:rkv_gpio_tb.gpio_if.combint} }
22:54:48    83 --> ...                                  [tcl] if {![info exists useOldWindow]} {  	set useOldWindow true }
22:54:48    84 --> ...                                      [tcl] if {$useOldWindow && [string first "Wave" [gui_get_current_window -view]]==0} {  	set Wave.1 [gui_get_current_window -view]  } else { 	set Wave.1 [lindex [gui_get_window_ids -type Wave] 0] if {[string first "Wave" ${Wave.1}]!=0} { gui_open_window Wave set Wave.1 [ gui_get_current_window -view ] } }
22:54:48    85 --> ...                                          [tcl] set groupExD [gui_get_pref_value -category Wave -key exclusiveSG]
22:54:49    86 --> ...                                              [tcl] gui_set_pref_value -category Wave -key exclusiveSG -value {false}
22:54:49    87 --> ...                                                  [tcl] set origWaveHeight [gui_get_pref_value -category Wave -key waveRowHeight]
22:54:49    88 --> ...                                                      [tcl] gui_list_set_height -id Wave -height 25
22:54:49    89 --> ...                                                          [tcl] set origGroupCreationState [gui_list_create_group_when_add -wave]
22:54:49    90 --> ...                                                              [tcl] gui_list_create_group_when_add -wave -disable
22:54:49    91 --> ...                                                                  [tcl] gui_marker_set_ref -id ${Wave.1}  C1
22:54:49    92 --> ...                                                                      [tcl] gui_wv_zoom_timerange -id ${Wave.1} 0 913
22:54:49    93 --> ...                                                                          [tcl] gui_list_add_group -id ${Wave.1} -after {New Group} [list ${Group1}]
22:54:49    94 --> ...                                                                              [tcl] gui_list_add_group -id ${Wave.1}  -after ${Group1} [list ${Group3|PORT}]
22:54:49    95 --> ...                                                                                  [tcl] gui_list_add_group -id ${Wave.1} -after Group3|PORT [list ${Group3|INTQ}]
22:54:49    96 --> ...                                                                                      [tcl] gui_list_add_group -id ${Wave.1} -after Group3|INTQ [list ${Group3|AHB}]
22:54:49    97 --> ...                                                                                          [tcl] gui_list_add_group -id ${Wave.1} -after {New Group} [list ${Group2}]
22:54:49    98 --> ...                                                                                              [tcl] gui_list_add_group -id ${Wave.1} -after {New Group} [list ${Group3}]
22:54:49    99 --> ...                                                                                                  [tcl] gui_list_select -id ${Wave.1} {rkv_gpio_tb.dut.ECOREVNUM }
22:54:50    100 --> ...  [tcl] gui_seek_criteria -id ${Wave.1} {Any Edge}
22:54:50    101 --> ...      [tcl] gui_set_pref_value -category Wave -key exclusiveSG -value $groupExD
22:54:50    102 --> ...          [tcl] gui_list_set_height -id Wave -height $origWaveHeight
22:54:50    103 --> ...              [tcl] if {$origGroupCreationState} { 	gui_list_create_group_when_add -wave -enable }
22:54:50    104 --> ...                  [tcl] if { $groupExD } {  gui_msg_report -code DVWW028 }
22:54:50    105 --> ...                      [tcl] gui_list_set_filter -id ${Wave.1} -list { {Buffer 1} {Input 1} {Others 1} {Linkage 1} {Output 1} {Parameter 1} {All 1} {Aggregate 1} {LibBaseMember 1} {Event 1} {Assertion 1} {Constant 1} {Interface 1} {BaseMembers 1} {Signal 1} {$unit 1} {Inout 1} {Variable 1} }
22:54:50    106 --> ...                          [tcl] gui_list_set_filter -id ${Wave.1} -text {*}
22:54:50    107 --> ...                              [tcl] gui_list_set_insertion_bar  -id ${Wave.1} -group ${Group3}  -position in
22:54:50    108 --> ...                                  [tcl] gui_marker_move -id ${Wave.1} {C1} 0
22:54:50    109 --> ...                                      [tcl] gui_view_scroll -id ${Wave.1} -vertical -set 0
22:54:50    110 --> ...                                          [tcl] gui_show_grid -id ${Wave.1} -enable false
22:54:54    111 --> ...                                              [tcl] run
22:54:54    112 --> ...                                                  [tcl] set ucliGUI::state
22:54:54    113 --> ...                                                      [tcl] gui_update_simulator_buttons
22:54:54    114 --> ...                                                          [tcl] set ucliGUI::state
22:54:54    115 --> ...                                                              [tcl] gui_update_simulator_buttons
22:54:54    116 --> ...                                                                  [tcl] set ucliGUI::state
22:54:54    117 --> ...                                                                      [tcl] set ucliGUI::state
22:54:54    118 --> ...                                                                          [tcl] catch {senv activeDomain} dveMisc::result 
22:54:54    119 --> ...                                                                              [tcl] set dveMisc::result
22:54:54    120 --> ...                                                                                  [tcl] gui_update_simulator_buttons
22:54:54    121 --> ...                                                                                      [tcl] synopsys::xml get_stop_data
22:54:54    122 --> ...                                                                                          [tcl] synopsys::xml {frames <data updateType="preserve" itemId="none" viewId="Stack.1" />}
22:54:54    123 --> ...                                                                                              [tcl] dveMisc::vbusExpand {uvm_pkg.\uvm_root::run_test }
22:55:04    124 --> ...                                                                                                  [tcl] if [catch {gui_sim_terminate}] {gui_sim_terminate -kill}
22:55:04    125 --> ...  [tcl] synopsys::finish
22:55:04    126 --> ...      [tcl] set ucliGUI::state
22:55:04    127 --> ...          [tcl] gui_update_simulator_buttons
22:55:04    128 --> ...              [tcl] set ucliGUI::state
22:55:04    129 --> ...                  [tcl] catch {senv activeDomain} dveMisc::result 
22:55:04    130 --> ...                      [tcl] set dveMisc::result
22:55:04    131 --> ...                          [tcl] gui_update_simulator_buttons
22:55:04    132 --> ...                              [tcl] catch {senv activeDomain} dveMisc::result 
22:55:04    133 --> ...                                  [tcl] set dveMisc::result
22:55:04    134 --> ...                                      [tcl] ucli_exit
